ISim log file
Running: U:\win\ELEC3500\Lab_7\top_tb_isim_par.exe -intstyle ise -gui -tclbatch isim.cmd -wdb U:/win/ELEC3500/Lab_7/top_tb_isim_par.wdb 
ISim P.20131013 (signature 0x8ef4fb42)
----------------------------------------------------------------------
INFO:Security:50 - The XILINXD_LICENSE_FILE environment variable is set to '2100@134.117.38.248'.
INFO:Security:52 - The LM_LICENSE_FILE environment variable is set to '27000@localhost;C:\Modeltech_xe\win32xoem\license.dat;6053@licensesrv;7053@cmc-stc-01;1055@134.117.70.208;1718@licensesrv;1707@licensesrv.doe.carleton.ca'.
WARNING:Security:43 - No license file was found in the standard Xilinx license directory.
WARNING:Security:44 - Since no license file was found,
       please run the Xilinx License Configuration Manager
       (xlcm or "Manage Xilinx Licenses")
       to assist in obtaining a license.
WARNING:Security:42 - Your software subscription period has lapsed. Your current version of Xilinx tools will continue to function, but you no longer qualify for Xilinx software updates or new releases.


----------------------------------------------------------------------
This is a Full version of ISim.
Time resolution is 1 ps
# onerror resume
# wave add /
# run 1000 ns
Simulator is doing circuit initialization process.
INFO: SDF backannotation was successful with SDF file netgen/par/top_timesim.sdf, for root module /top_tb/uut/.
Finished circuit initialization process.
# run 10s
# run 10s
