Release 14.7 - xst P.20131013 (nt)
Copyright (c) 1995-2013 Xilinx, Inc.  All rights reserved.
--> Parameter TMPDIR set to xst/projnav.tmp


Total REAL time to Xst completion: 1.00 secs
Total CPU time to Xst completion: 0.19 secs
 
--> Parameter xsthdpdir set to xst


Total REAL time to Xst completion: 1.00 secs
Total CPU time to Xst completion: 0.20 secs
 
--> Reading design: top.prj

TABLE OF CONTENTS
  1) Synthesis Options Summary
  2) HDL Compilation
  3) Design Hierarchy Analysis
  4) HDL Analysis
  5) HDL Synthesis
     5.1) HDL Synthesis Report
  6) Advanced HDL Synthesis
     6.1) Advanced HDL Synthesis Report
  7) Low Level Synthesis
  8) Partition Report
  9) Final Report
	9.1) Device utilization summary
	9.2) Partition Resource Summary
	9.3) TIMING REPORT


=========================================================================
*                      Synthesis Options Summary                        *
=========================================================================
---- Source Parameters
Input File Name                    : "top.prj"
Input Format                       : mixed
Ignore Synthesis Constraint File   : NO

---- Target Parameters
Output File Name                   : "top"
Output Format                      : NGC
Target Device                      : xc3s200-4-ft256

---- Source Options
Top Module Name                    : top
Automatic FSM Extraction           : YES
FSM Encoding Algorithm             : Auto
Safe Implementation                : No
FSM Style                          : LUT
RAM Extraction                     : Yes
RAM Style                          : Auto
ROM Extraction                     : Yes
Mux Style                          : Auto
Decoder Extraction                 : YES
Priority Encoder Extraction        : Yes
Shift Register Extraction          : YES
Logical Shifter Extraction         : YES
XOR Collapsing                     : YES
ROM Style                          : Auto
Mux Extraction                     : Yes
Resource Sharing                   : YES
Asynchronous To Synchronous        : NO
Multiplier Style                   : Auto
Automatic Register Balancing       : No

---- Target Options
Add IO Buffers                     : YES
Global Maximum Fanout              : 500
Add Generic Clock Buffer(BUFG)     : 8
Register Duplication               : YES
Slice Packing                      : YES
Optimize Instantiated Primitives   : NO
Use Clock Enable                   : Yes
Use Synchronous Set                : Yes
Use Synchronous Reset              : Yes
Pack IO Registers into IOBs        : Auto
Equivalent register Removal        : YES

---- General Options
Optimization Goal                  : Speed
Optimization Effort                : 1
Keep Hierarchy                     : No
Netlist Hierarchy                  : As_Optimized
RTL Output                         : Yes
Global Optimization                : AllClockNets
Read Cores                         : YES
Write Timing Constraints           : NO
Cross Clock Analysis               : NO
Hierarchy Separator                : /
Bus Delimiter                      : <>
Case Specifier                     : Maintain
Slice Utilization Ratio            : 100
BRAM Utilization Ratio             : 100
Verilog 2001                       : YES
Auto BRAM Packing                  : NO
Slice Utilization Ratio Delta      : 5

=========================================================================


=========================================================================
*                          HDL Compilation                              *
=========================================================================
Compiling verilog file "MC.v" in library work
Compiling verilog file "lfsr.v" in library work
Module <MC> compiled
Compiling verilog file "div256.v" in library work
Module <lfsr> compiled
Compiling verilog file "top.v" in library work
Module <div256> compiled
Module <top> compiled
No errors in compilation
Analysis of file <"top.prj"> succeeded.
 

=========================================================================
*                     Design Hierarchy Analysis                         *
=========================================================================
Analyzing hierarchy for module <top> in library <work>.

Analyzing hierarchy for module <div256> in library <work>.

Analyzing hierarchy for module <lfsr> in library <work>.

Analyzing hierarchy for module <MC> in library <work>.


=========================================================================
*                            HDL Analysis                               *
=========================================================================
Analyzing top module <top>.
Module <top> is correct for synthesis.
 
Analyzing module <div256> in library <work>.
Module <div256> is correct for synthesis.
 
Analyzing module <lfsr> in library <work>.
Module <lfsr> is correct for synthesis.
 
Analyzing module <MC> in library <work>.
Module <MC> is correct for synthesis.
 

=========================================================================
*                           HDL Synthesis                               *
=========================================================================

Performing bidirectional port resolution...

Synthesizing Unit <div256>.
    Related source file is "div256.v".
    Found 8-bit up counter for signal <count>.
    Summary:
	inferred   1 Counter(s).
Unit <div256> synthesized.


Synthesizing Unit <lfsr>.
    Related source file is "lfsr.v".
    Found 10-bit register for signal <lfsr>.
    Found 1-bit xor2 for signal <lfsr_9$xor0000> created at line 16.
    Summary:
	inferred  10 D-type flip-flop(s).
Unit <lfsr> synthesized.


Synthesizing Unit <MC>.
    Related source file is "MC.v".
    Found finite state machine <FSM_0> for signal <state>.
    -----------------------------------------------------------------------
    | States             | 7                                              |
    | Transitions        | 15                                             |
    | Inputs             | 3                                              |
    | Outputs            | 4                                              |
    | Clock              | clk                       (rising_edge)        |
    | Reset              | rst                       (positive)           |
    | Reset type         | asynchronous                                   |
    | Reset State        | 000                                            |
    | Encoding           | automatic                                      |
    | Implementation     | LUT                                            |
    -----------------------------------------------------------------------
    Summary:
	inferred   1 Finite State Machine(s).
Unit <MC> synthesized.


Synthesizing Unit <top>.
    Related source file is "top.v".
Unit <top> synthesized.


=========================================================================
HDL Synthesis Report

Macro Statistics
# Counters                                             : 1
 8-bit up counter                                      : 1
# Registers                                            : 10
 1-bit register                                        : 10
# Xors                                                 : 1
 1-bit xor2                                            : 1

=========================================================================

=========================================================================
*                       Advanced HDL Synthesis                          *
=========================================================================

Analyzing FSM <FSM_0> for best encoding.
Optimizing FSM <MCinst/state/FSM> on signal <state[1:3]> with gray encoding.
-------------------
 State | Encoding
-------------------
 000   | 000
 001   | 001
 010   | 011
 011   | 010
 100   | 111
 101   | 110
 110   | 101
-------------------

=========================================================================
Advanced HDL Synthesis Report

Macro Statistics
# FSMs                                                 : 1
# Counters                                             : 1
 8-bit up counter                                      : 1
# Registers                                            : 10
 Flip-Flops                                            : 10
# Xors                                                 : 1
 1-bit xor2                                            : 1

=========================================================================

=========================================================================
*                         Low Level Synthesis                           *
=========================================================================

Optimizing unit <top> ...

Optimizing unit <lfsr> ...

Mapping all equations...
Building and optimizing final netlist ...
Found area constraint ratio of 100 (+ 5) on block top, actual ratio is 0.

Final Macro Processing ...

Processing Unit <top> :
	Found 6-bit shift register for signal <lfsrinst/lfsr_3>.
Unit <top> processed.

=========================================================================
Final Register Report

Macro Statistics
# Registers                                            : 15
 Flip-Flops                                            : 15
# Shift Registers                                      : 1
 6-bit shift register                                  : 1

=========================================================================

=========================================================================
*                           Partition Report                            *
=========================================================================

Partition Implementation Status
-------------------------------

  No Partitions were found in this design.

-------------------------------

=========================================================================
*                            Final Report                               *
=========================================================================
Final Results
RTL Top Level Output File Name     : top.ngr
Top Level Output File Name         : top
Output Format                      : NGC
Optimization Goal                  : Speed
Keep Hierarchy                     : No

Design Statistics
# IOs                              : 7

Cell Usage :
# BELS                             : 46
#      GND                         : 1
#      INV                         : 1
#      LUT1                        : 7
#      LUT2                        : 5
#      LUT3                        : 5
#      LUT3_L                      : 1
#      LUT4                        : 6
#      LUT4_D                      : 1
#      LUT4_L                      : 2
#      MUXCY                       : 7
#      MUXF5                       : 1
#      VCC                         : 1
#      XORCY                       : 8
# FlipFlops/Latches                : 22
#      FD                          : 1
#      FDC                         : 20
#      FDP                         : 1
# Shift Registers                  : 1
#      SRL16                       : 1
# Clock Buffers                    : 1
#      BUFGP                       : 1
# IO Buffers                       : 6
#      IBUF                        : 2
#      OBUF                        : 4
=========================================================================

Device utilization summary:
---------------------------

Selected Device : 3s200ft256-4 

 Number of Slices:                       16  out of   1920     0%  
 Number of Slice Flip Flops:             22  out of   3840     0%  
 Number of 4 input LUTs:                 29  out of   3840     0%  
    Number used as logic:                28
    Number used as Shift registers:       1
 Number of IOs:                           7
 Number of bonded IOBs:                   7  out of    173     4%  
 Number of GCLKs:                         1  out of      8    12%  

---------------------------
Partition Resource Summary:
---------------------------

  No Partitions were found in this design.

---------------------------


=========================================================================
TIMING REPORT

NOTE: THESE TIMING NUMBERS ARE ONLY A SYNTHESIS ESTIMATE.
      FOR ACCURATE TIMING INFORMATION PLEASE REFER TO THE TRACE REPORT
      GENERATED AFTER PLACE-and-ROUTE.

Clock Information:
------------------
-------------------------------------+-------------------------+-------+
Clock Signal                         | Clock buffer(FF name)   | Load  |
-------------------------------------+-------------------------+-------+
clk                                  | BUFGP                   | 11    |
slowenable(div256inst/slowenable10:O)| NONE(*)(lfsrinst/lfsr_9)| 12    |
-------------------------------------+-------------------------+-------+
(*) This 1 clock signal(s) are generated by combinatorial logic,
and XST is not able to identify which are the primary clock signals.
Please use the CLOCK_SIGNAL constraint to specify the clock signal(s) generated by combinatorial logic.
INFO:Xst:2169 - HDL ADVISOR - Some clock signals were not automatically buffered by XST with BUFG/BUFR resources. Please use the buffer_type constraint in order to insert these buffers to the clock signals to help prevent skew problems.

Asynchronous Control Signals Information:
----------------------------------------
-----------------------------------+------------------------+-------+
Control Signal                     | Buffer(FF name)        | Load  |
-----------------------------------+------------------------+-------+
rst                                | IBUF                   | 21    |
-----------------------------------+------------------------+-------+

Timing Summary:
---------------
Speed Grade: -4

   Minimum period: 6.100ns (Maximum Frequency: 163.934MHz)
   Minimum input arrival time before clock: 4.816ns
   Maximum output required time after clock: 9.199ns
   Maximum combinational path delay: No path found

Timing Detail:
--------------
All values displayed in nanoseconds (ns)

=========================================================================
Timing constraint: Default period analysis for Clock 'clk'
  Clock period: 6.100ns (frequency: 163.934MHz)
  Total number of paths / destination ports: 89 / 11
-------------------------------------------------------------------------
Delay:               6.100ns (Levels of Logic = 3)
  Source:            div256inst/count_3 (FF)
  Destination:       MCinst/state_FSM_FFd3 (FF)
  Source Clock:      clk rising
  Destination Clock: clk rising

  Data Path: div256inst/count_3 to MCinst/state_FSM_FFd3
                                Gate     Net
    Cell:in->out      fanout   Delay   Delay  Logical Name (Net Name)
    ----------------------------------------  ------------
     FDC:C->Q              2   0.720   1.216  div256inst/count_3 (div256inst/count_3)
     LUT4:I0->O            4   0.551   1.112  div256inst/slowenable9 (div256inst/slowenable9)
     LUT2:I1->O           13   0.551   1.196  div256inst/slowenable10 (slowenable)
     LUT4:I3->O            1   0.551   0.000  MCinst/state_FSM_FFd3-In70 (MCinst/state_FSM_FFd3-In)
     FDC:D                     0.203          MCinst/state_FSM_FFd3
    ----------------------------------------
    Total                      6.100ns (2.576ns logic, 3.524ns route)
                                       (42.2% logic, 57.8% route)

=========================================================================
Timing constraint: Default period analysis for Clock 'slowenable'
  Clock period: 3.398ns (frequency: 294.291MHz)
  Total number of paths / destination ports: 13 / 11
-------------------------------------------------------------------------
Delay:               3.398ns (Levels of Logic = 0)
  Source:            lfsrinst/Mshreg_lfsr_3 (FF)
  Destination:       lfsrinst/lfsr_31 (FF)
  Source Clock:      slowenable rising
  Destination Clock: slowenable rising

  Data Path: lfsrinst/Mshreg_lfsr_3 to lfsrinst/lfsr_31
                                Gate     Net
    Cell:in->out      fanout   Delay   Delay  Logical Name (Net Name)
    ----------------------------------------  ------------
     SRL16:CLK->Q          1   3.195   0.000  lfsrinst/Mshreg_lfsr_3 (lfsrinst/Mshreg_lfsr_3)
     FD:D                      0.203          lfsrinst/lfsr_31
    ----------------------------------------
    Total                      3.398ns (3.398ns logic, 0.000ns route)
                                       (100.0% logic, 0.0% route)

=========================================================================
Timing constraint: Default OFFSET IN BEFORE for Clock 'clk'
  Total number of paths / destination ports: 3 / 2
-------------------------------------------------------------------------
Offset:              4.816ns (Levels of Logic = 4)
  Source:            winrnd (PAD)
  Destination:       MCinst/state_FSM_FFd3 (FF)
  Destination Clock: clk rising

  Data Path: winrnd to MCinst/state_FSM_FFd3
                                Gate     Net
    Cell:in->out      fanout   Delay   Delay  Logical Name (Net Name)
    ----------------------------------------  ------------
     IBUF:I->O             3   0.821   1.102  winrnd_IBUF (winrnd_IBUF)
     LUT4_L:I1->LO         1   0.551   0.168  MCinst/state_FSM_FFd3-In111 (MCinst/state_FSM_FFd3-In111)
     LUT3:I2->O            1   0.551   0.869  MCinst/state_FSM_FFd3-In70_SW1 (N11)
     LUT4:I2->O            1   0.551   0.000  MCinst/state_FSM_FFd3-In70 (MCinst/state_FSM_FFd3-In)
     FDC:D                     0.203          MCinst/state_FSM_FFd3
    ----------------------------------------
    Total                      4.816ns (2.677ns logic, 2.139ns route)
                                       (55.6% logic, 44.4% route)

=========================================================================
Timing constraint: Default OFFSET OUT AFTER for Clock 'clk'
  Total number of paths / destination ports: 11 / 4
-------------------------------------------------------------------------
Offset:              9.199ns (Levels of Logic = 2)
  Source:            MCinst/state_FSM_FFd3 (FF)
  Destination:       clr (PAD)
  Source Clock:      clk rising

  Data Path: MCinst/state_FSM_FFd3 to clr
                                Gate     Net
    Cell:in->out      fanout   Delay   Delay  Logical Name (Net Name)
    ----------------------------------------  ------------
     FDC:C->Q             11   0.720   1.483  MCinst/state_FSM_FFd3 (MCinst/state_FSM_FFd3)
     LUT2:I0->O            1   0.551   0.801  MCinst/state_FSM_Out11 (leds_ctrl_0_OBUF)
     OBUF:I->O                 5.644          leds_ctrl_0_OBUF (leds_ctrl<0>)
    ----------------------------------------
    Total                      9.199ns (6.915ns logic, 2.284ns route)
                                       (75.2% logic, 24.8% route)

=========================================================================


Total REAL time to Xst completion: 4.00 secs
Total CPU time to Xst completion: 3.82 secs
 
--> 

Total memory usage is 254264 kilobytes

Number of errors   :    0 (   0 filtered)
Number of warnings :    0 (   0 filtered)
Number of infos    :    1 (   0 filtered)

